<?xml version="1.0" encoding="UTF-8"?>
<testsuite xmlns:xsi="http://www.w3.org/2001/XMLSchema-instance" xsi:noNamespaceSchemaLocation="https://maven.apache.org/surefire/maven-surefire-plugin/xsd/surefire-test-report.xsd" name="ar.net.mgardos.NumeroTest" time="0.23" tests="23" errors="7" skipped="0" failures="1">
  <properties>
[...]
</properties>
  <testcase name="test01EsCeroDevuelveTrueSoloParaElCero" classname="ar.net.mgardos.NumeroTest" time="0.005"/>
  <testcase name="test02EsUnoDevuelveTrueSoloParaElUno" classname="ar.net.mgardos.NumeroTest" time="0.001"/>
  <testcase name="test03SumaDeEnteros" classname="ar.net.mgardos.NumeroTest" time="0.001"/>
  <testcase name="test04MultiplicacionDeEnteros" classname="ar.net.mgardos.NumeroTest" time="0.001"/>
  <testcase name="test05DivisionDeEnteros" classname="ar.net.mgardos.NumeroTest" time="0"/>
  <testcase name="test06SumaDeFracciones" classname="ar.net.mgardos.NumeroTest" time="0.029">
    <error type="java.lang.StackOverflowError">java.lang.StackOverflowError
</error>
  </testcase>
  <testcase name="test07MultiplicacionDeFracciones" classname="ar.net.mgardos.NumeroTest" time="0.001"/>
  <testcase name="test08DivisionDeFracciones" classname="ar.net.mgardos.NumeroTest" time="0.001"/>
  <testcase name="test09SumaDeEnteroYFraccion" classname="ar.net.mgardos.NumeroTest" time="0.001"/>
  <testcase name="test10SumaDeFraccionYEntero" classname="ar.net.mgardos.NumeroTest" time="0.001"/>
  <testcase name="test11MultiplicacionDeEnteroPorFraccion" classname="ar.net.mgardos.NumeroTest" time="0.003">
    <error message="class ar.net.mgardos.Fraccion cannot be cast to class ar.net.mgardos.Entero (ar.net.mgardos.Fraccion and ar.net.mgardos.Entero are in unnamed module of loader &apos;app&apos;)" type="java.lang.ClassCastException">java.lang.ClassCastException: class ar.net.mgardos.Fraccion cannot be cast to class ar.net.mgardos.Entero (ar.net.mgardos.Fraccion and ar.net.mgardos.Entero are in unnamed module of loader 'app')
	at ar.net.mgardos.NumeroTest.test11MultiplicacionDeEnteroPorFraccion(NumeroTest.java:149)
</error>
  </testcase>
  <testcase name="test12MultiplicacionDeFraccionPorEntero" classname="ar.net.mgardos.NumeroTest" time="0.001">
    <error message="class ar.net.mgardos.Entero cannot be cast to class ar.net.mgardos.Fraccion (ar.net.mgardos.Entero and ar.net.mgardos.Fraccion are in unnamed module of loader &apos;app&apos;)" type="java.lang.ClassCastException">java.lang.ClassCastException: class ar.net.mgardos.Entero cannot be cast to class ar.net.mgardos.Fraccion (ar.net.mgardos.Entero and ar.net.mgardos.Fraccion are in unnamed module of loader 'app')
	at ar.net.mgardos.NumeroTest.test12MultiplicacionDeFraccionPorEntero(NumeroTest.java:154)
</error>
  </testcase>
  <testcase name="test13DivisionDeEnteroPorFraccion" classname="ar.net.mgardos.NumeroTest" time="0.001">
    <error message="class ar.net.mgardos.Fraccion cannot be cast to class ar.net.mgardos.Entero (ar.net.mgardos.Fraccion and ar.net.mgardos.Entero are in unnamed module of loader &apos;app&apos;)" type="java.lang.ClassCastException">java.lang.ClassCastException: class ar.net.mgardos.Fraccion cannot be cast to class ar.net.mgardos.Entero (ar.net.mgardos.Fraccion and ar.net.mgardos.Entero are in unnamed module of loader 'app')
	at ar.net.mgardos.NumeroTest.test13DivisionDeEnteroPorFraccion(NumeroTest.java:162)
</error>
  </testcase>
  <testcase name="test14DivisionDeFraccionPorEntero" classname="ar.net.mgardos.NumeroTest" time="0.001">
    <error message="class ar.net.mgardos.Entero cannot be cast to class ar.net.mgardos.Fraccion (ar.net.mgardos.Entero and ar.net.mgardos.Fraccion are in unnamed module of loader &apos;app&apos;)" type="java.lang.ClassCastException">java.lang.ClassCastException: class ar.net.mgardos.Entero cannot be cast to class ar.net.mgardos.Fraccion (ar.net.mgardos.Entero and ar.net.mgardos.Fraccion are in unnamed module of loader 'app')
	at ar.net.mgardos.NumeroTest.test14DivisionDeFraccionPorEntero(NumeroTest.java:167)
</error>
  </testcase>
  <testcase name="test15UnaFraccionPuedeSerIgualAUnEntero" classname="ar.net.mgardos.NumeroTest" time="0"/>
  <testcase name="test16LasFraccionesAparentesSonIguales" classname="ar.net.mgardos.NumeroTest" time="0.001"/>
  <testcase name="test17LaSumaDeFraccionesPuedeDarEntero" classname="ar.net.mgardos.NumeroTest" time="0.014">
    <error type="java.lang.StackOverflowError">java.lang.StackOverflowError
</error>
  </testcase>
  <testcase name="test18LaMultiplicacionDeFraccionesPuedeDarEntero" classname="ar.net.mgardos.NumeroTest" time="0.002">
    <error message="class ar.net.mgardos.Fraccion cannot be cast to class ar.net.mgardos.Entero (ar.net.mgardos.Fraccion and ar.net.mgardos.Entero are in unnamed module of loader &apos;app&apos;)" type="java.lang.ClassCastException">java.lang.ClassCastException: class ar.net.mgardos.Fraccion cannot be cast to class ar.net.mgardos.Entero (ar.net.mgardos.Fraccion and ar.net.mgardos.Entero are in unnamed module of loader 'app')
	at ar.net.mgardos.NumeroTest.test18LaMultiplicacionDeFraccionesPuedeDarEntero(NumeroTest.java:204)
</error>
  </testcase>
  <testcase name="test19LaDivisionDeEnterosPuedeDarFraccion" classname="ar.net.mgardos.NumeroTest" time="0"/>
  <testcase name="test20LaDivisionDeFraccionesPuedeDarEntero" classname="ar.net.mgardos.NumeroTest" time="0.001"/>
  <testcase name="test21NoSePuedeDividirEnteroPorCero" classname="ar.net.mgardos.NumeroTest" time="0"/>
  <testcase name="test22NoSePuedeDividirFraccionPorCero" classname="ar.net.mgardos.NumeroTest" time="0.003">
    <failure message="expected:&lt;[No se puede dividir por cero]&gt; but was:&lt;[class ar.net.mgardos.Entero cannot be cast to class ar.net.mgardos.Fraccion (ar.net.mgardos.Entero and ar.net.mgardos.Fraccion are in unnamed module of loader &apos;app&apos;)]&gt;" type="org.junit.ComparisonFailure"><![CDATA[org.junit.ComparisonFailure: expected:<[No se puede dividir por cero]> but was:<[class ar.net.mgardos.Entero cannot be cast to class ar.net.mgardos.Fraccion (ar.net.mgardos.Entero and ar.net.mgardos.Fraccion are in unnamed module of loader 'app')]>
	at ar.net.mgardos.NumeroTest.test22NoSePuedeDividirFraccionPorCero(NumeroTest.java:233)
]]></failure>
  </testcase>
  <testcase name="test23NoSePuedeCrearFraccionConDenominadorCero" classname="ar.net.mgardos.NumeroTest" time="0"/>
</testsuite>