<?xml version="1.0" encoding="UTF-8"?>
<testsuite xmlns:xsi="http://www.w3.org/2001/XMLSchema-instance" xsi:noNamespaceSchemaLocation="https://maven.apache.org/surefire/maven-surefire-plugin/xsd/surefire-test-report.xsd" name="ar.net.mgardos.stack.StackTest" time="0.158" tests="8" errors="0" skipped="0" failures="1">
  <properties>
[...]
</properties>
  <testcase name="testPushAddElementsToTheStack" classname="ar.net.mgardos.stack.StackTest" time="0.007"/>
  <testcase name="testPopReturnsLastPushedObject" classname="ar.net.mgardos.stack.StackTest" time="0"/>
  <testcase name="testTopReturnsLastPushedObject" classname="ar.net.mgardos.stack.StackTest" time="0"/>
  <testcase name="testPopRemovesElementsFromTheStack" classname="ar.net.mgardos.stack.StackTest" time="0"/>
  <testcase name="testCanNotPopWhenThereAreNoObjectsInTheStack" classname="ar.net.mgardos.stack.StackTest" time="0.014">
    <failure type="java.lang.AssertionError">java.lang.AssertionError
	at ar.net.mgardos.stack.StackTest.testCanNotPopWhenThereAreNoObjectsInTheStack(StackTest.java:91)
</failure>
  </testcase>
  <testcase name="testTopDoesNotRemoveObjectFromStack" classname="ar.net.mgardos.stack.StackTest" time="0"/>
  <testcase name="testStackBehavesLIFO" classname="ar.net.mgardos.stack.StackTest" time="0"/>
  <testcase name="testStackShouldBeEmptyWhenCreated" classname="ar.net.mgardos.stack.StackTest" time="0"/>
</testsuite>