<?xml version="1.0" encoding="UTF-8"?>
<testsuite xmlns:xsi="http://www.w3.org/2001/XMLSchema-instance" xsi:noNamespaceSchemaLocation="https://maven.apache.org/surefire/maven-surefire-plugin/xsd/surefire-test-report.xsd" name="ar.net.mgardos.CustomerBookTest" time="0.348" tests="4" errors="0" skipped="0" failures="0">
  <properties>
[...]
</properties>
  <testcase name="testAddingCustomerShouldNotTakeMoreThan50Milliseconds" classname="ar.net.mgardos.CustomerBookTest" time="0.165"/>
  <testcase name="testCanNotRemoveNotAddedCustomers" classname="ar.net.mgardos.CustomerBookTest" time="0.008"/>
  <testcase name="testRemovingCustomerShouldNotTakeMoreThan100Milliseconds" classname="ar.net.mgardos.CustomerBookTest" time="0.002"/>
  <testcase name="testCanNotAddACustomerWithEmptyName" classname="ar.net.mgardos.CustomerBookTest" time="0.003"/>
</testsuite>